2018-04-08 21:34:38|ERROR|App.Question.UpdateById|PDOException: Unknown column 'F' in 'field list' in D:\Development\www\SchoolRushServer\vendor\phalapi\notorm\src\NotORM\Result.php:261
Stack trace:
#0 D:\Development\www\SchoolRushServer\vendor\phalapi\notorm\src\NotORM\Result.php(409): NotORM_Result->query('UPDATE question...', Array)
#1 D:\Development\www\SchoolRushServer\src\app\Model\Question.php(42): NotORM_Result->update(Array)
#2 D:\Development\www\SchoolRushServer\src\app\Api\Question.php(280): App\Model\Question->updateById('2', Array)
#3 [internal function]: App\Api\Question->updateById()
#4 D:\Development\www\SchoolRushServer\vendor\phalapi\kernal\src\PhalApi.php(49): call_user_func(Array)
#5 D:\Development\www\SchoolRushServer\public\index.php(9): PhalApi\PhalApi->response()
#6 {main}
2018-04-08 21:34:54|ERROR|App.Question.UpdateById|PDOException: Unknown column 'F' in 'field list' in D:\Development\www\SchoolRushServer\vendor\phalapi\notorm\src\NotORM\Result.php:261
Stack trace:
#0 D:\Development\www\SchoolRushServer\vendor\phalapi\notorm\src\NotORM\Result.php(409): NotORM_Result->query('UPDATE question...', Array)
#1 D:\Development\www\SchoolRushServer\src\app\Model\Question.php(42): NotORM_Result->update(Array)
#2 D:\Development\www\SchoolRushServer\src\app\Api\Question.php(280): App\Model\Question->updateById('1', Array)
#3 [internal function]: App\Api\Question->updateById()
#4 D:\Development\www\SchoolRushServer\vendor\phalapi\kernal\src\PhalApi.php(49): call_user_func(Array)
#5 D:\Development\www\SchoolRushServer\public\index.php(9): PhalApi\PhalApi->response()
#6 {main}
2018-04-08 21:36:29|ERROR|App.Question.UpdateById|PDOException: Unknown column 'balels' in 'field list' in D:\Development\www\SchoolRushServer\vendor\phalapi\notorm\src\NotORM\Result.php:261
Stack trace:
#0 D:\Development\www\SchoolRushServer\vendor\phalapi\notorm\src\NotORM\Result.php(409): NotORM_Result->query('UPDATE question...', Array)
#1 D:\Development\www\SchoolRushServer\src\app\Model\Question.php(42): NotORM_Result->update(Array)
#2 D:\Development\www\SchoolRushServer\src\app\Api\Question.php(280): App\Model\Question->updateById('2', Array)
#3 [internal function]: App\Api\Question->updateById()
#4 D:\Development\www\SchoolRushServer\vendor\phalapi\kernal\src\PhalApi.php(49): call_user_func(Array)
#5 D:\Development\www\SchoolRushServer\public\index.php(9): PhalApi\PhalApi->response()
#6 {main}
2018-04-08 21:37:27|ERROR|App.Question.UpdateById|PDOException: Unknown column 'balels' in 'field list' in D:\Development\www\SchoolRushServer\vendor\phalapi\notorm\src\NotORM\Result.php:261
Stack trace:
#0 D:\Development\www\SchoolRushServer\vendor\phalapi\notorm\src\NotORM\Result.php(409): NotORM_Result->query('UPDATE question...', Array)
#1 D:\Development\www\SchoolRushServer\src\app\Model\Question.php(42): NotORM_Result->update(Array)
#2 D:\Development\www\SchoolRushServer\src\app\Api\Question.php(280): App\Model\Question->updateById('3', Array)
#3 [internal function]: App\Api\Question->updateById()
#4 D:\Development\www\SchoolRushServer\vendor\phalapi\kernal\src\PhalApi.php(49): call_user_func(Array)
#5 D:\Development\www\SchoolRushServer\public\index.php(9): PhalApi\PhalApi->response()
#6 {main}
2018-04-08 21:37:54|ERROR|App.Question.UpdateById|PDOException: Unknown column 'balels' in 'field list' in D:\Development\www\SchoolRushServer\vendor\phalapi\notorm\src\NotORM\Result.php:261
Stack trace:
#0 D:\Development\www\SchoolRushServer\vendor\phalapi\notorm\src\NotORM\Result.php(409): NotORM_Result->query('UPDATE question...', Array)
#1 D:\Development\www\SchoolRushServer\src\app\Model\Question.php(42): NotORM_Result->update(Array)
#2 D:\Development\www\SchoolRushServer\src\app\Api\Question.php(280): App\Model\Question->updateById('4', Array)
#3 [internal function]: App\Api\Question->updateById()
#4 D:\Development\www\SchoolRushServer\vendor\phalapi\kernal\src\PhalApi.php(49): call_user_func(Array)
#5 D:\Development\www\SchoolRushServer\public\index.php(9): PhalApi\PhalApi->response()
#6 {main}
2018-04-08 21:39:20|ERROR|App.Question.UpdateById|PDOException: Unknown column 'balels' in 'field list' in D:\Development\www\SchoolRushServer\vendor\phalapi\notorm\src\NotORM\Result.php:261
Stack trace:
#0 D:\Development\www\SchoolRushServer\vendor\phalapi\notorm\src\NotORM\Result.php(409): NotORM_Result->query('UPDATE question...', Array)
#1 D:\Development\www\SchoolRushServer\src\app\Model\Question.php(42): NotORM_Result->update(Array)
#2 D:\Development\www\SchoolRushServer\src\app\Api\Question.php(280): App\Model\Question->updateById('4', Array)
#3 [internal function]: App\Api\Question->updateById()
#4 D:\Development\www\SchoolRushServer\vendor\phalapi\kernal\src\PhalApi.php(49): call_user_func(Array)
#5 D:\Development\www\SchoolRushServer\public\index.php(9): PhalApi\PhalApi->response()
#6 {main}
