2018-09-05 16:33:39|ERROR|App.Analysis.addAgreeById|PDOException: Unknown column 'qid' in 'where clause' in D:\Development\www\SchoolRushServer\vendor\phalapi\notorm\src\NotORM\Result.php:261
Stack trace:
#0 D:\Development\www\SchoolRushServer\vendor\phalapi\notorm\src\NotORM\Result.php(810): NotORM_Result->query('SELECT * FROM u...', Array)
#1 D:\Development\www\SchoolRushServer\vendor\phalapi\notorm\src\NotORM\Result.php(886): NotORM_Result->execute()
#2 D:\Development\www\SchoolRushServer\vendor\phalapi\notorm\src\NotORM\Result.php(874): NotORM_Result->fetchRow('')
#3 D:\Development\www\SchoolRushServer\src\app\Model\UserAgreeAnalysis.php(37): NotORM_Result->fetchOne()
#4 D:\Development\www\SchoolRushServer\src\app\Api\Analysis.php(41): App\Model\UserAgreeAnalysis->hasAgree('4', '1')
#5 [internal function]: App\Api\Analysis->addAgreeById()
#6 D:\Development\www\SchoolRushServer\vendor\phalapi\kernal\src\PhalApi.php(49): call_user_func(Array)
#7 D:\Development\www\SchoolRushServer\public\index.php(9): PhalApi\PhalApi->response()
#8 {main}
2018-09-05 16:34:30|ERROR|App.Analysis.addAgreeById|PDOException: Column 'aid' cannot be null in D:\Development\www\SchoolRushServer\vendor\phalapi\notorm\src\NotORM\Result.php:261
Stack trace:
#0 D:\Development\www\SchoolRushServer\vendor\phalapi\notorm\src\NotORM\Result.php(338): NotORM_Result->query('INSERT INTO use...', Array)
#1 D:\Development\www\SchoolRushServer\vendor\phalapi\notorm\src\NotORM\Result.php(355): NotORM_Result->insert_multi(Array)
#2 D:\Development\www\SchoolRushServer\src\app\Model\UserAgreeAnalysis.php(19): NotORM_Result->insert(Array)
#3 D:\Development\www\SchoolRushServer\src\app\Api\Analysis.php(52): App\Model\UserAgreeAnalysis->add(Array)
#4 [internal function]: App\Api\Analysis->addAgreeById()
#5 D:\Development\www\SchoolRushServer\vendor\phalapi\kernal\src\PhalApi.php(49): call_user_func(Array)
#6 D:\Development\www\SchoolRushServer\public\index.php(9): PhalApi\PhalApi->response()
#7 {main}
2018-09-05 16:36:27|ERROR|App.Analysis.addAgreeById|PDOException: Column 'aid' cannot be null in D:\Development\www\SchoolRushServer\vendor\phalapi\notorm\src\NotORM\Result.php:261
Stack trace:
#0 D:\Development\www\SchoolRushServer\vendor\phalapi\notorm\src\NotORM\Result.php(338): NotORM_Result->query('INSERT INTO use...', Array)
#1 D:\Development\www\SchoolRushServer\vendor\phalapi\notorm\src\NotORM\Result.php(355): NotORM_Result->insert_multi(Array)
#2 D:\Development\www\SchoolRushServer\src\app\Model\UserAgreeAnalysis.php(19): NotORM_Result->insert(Array)
#3 D:\Development\www\SchoolRushServer\src\app\Api\Analysis.php(53): App\Model\UserAgreeAnalysis->add(Array)
#4 [internal function]: App\Api\Analysis->addAgreeById()
#5 D:\Development\www\SchoolRushServer\vendor\phalapi\kernal\src\PhalApi.php(49): call_user_func(Array)
#6 D:\Development\www\SchoolRushServer\public\index.php(9): PhalApi\PhalApi->response()
#7 {main}
