2018-05-25 18:56:01|ERROR|App.User.Add|PDOException: Column 'campusID' cannot be null in D:\Development\www\SchoolRushServer\vendor\phalapi\notorm\src\NotORM\Result.php:261
Stack trace:
#0 D:\Development\www\SchoolRushServer\vendor\phalapi\notorm\src\NotORM\Result.php(338): NotORM_Result->query('INSERT INTO use...', Array)
#1 D:\Development\www\SchoolRushServer\vendor\phalapi\notorm\src\NotORM\Result.php(355): NotORM_Result->insert_multi(Array)
#2 D:\Development\www\SchoolRushServer\src\app\Model\User.php(32): NotORM_Result->insert(Array)
#3 D:\Development\www\SchoolRushServer\src\app\Api\User.php(190): App\Model\User->add(Array)
#4 [internal function]: App\Api\User->add()
#5 D:\Development\www\SchoolRushServer\vendor\phalapi\kernal\src\PhalApi.php(49): call_user_func(Array)
#6 D:\Development\www\SchoolRushServer\public\index.php(9): PhalApi\PhalApi->response()
#7 {main}
2018-05-25 18:57:19|ERROR|App.User.Add|PDOException: Column 'campusID' cannot be null in D:\Development\www\SchoolRushServer\vendor\phalapi\notorm\src\NotORM\Result.php:261
Stack trace:
#0 D:\Development\www\SchoolRushServer\vendor\phalapi\notorm\src\NotORM\Result.php(338): NotORM_Result->query('INSERT INTO use...', Array)
#1 D:\Development\www\SchoolRushServer\vendor\phalapi\notorm\src\NotORM\Result.php(355): NotORM_Result->insert_multi(Array)
#2 D:\Development\www\SchoolRushServer\src\app\Model\User.php(32): NotORM_Result->insert(Array)
#3 D:\Development\www\SchoolRushServer\src\app\Api\User.php(190): App\Model\User->add(Array)
#4 [internal function]: App\Api\User->add()
#5 D:\Development\www\SchoolRushServer\vendor\phalapi\kernal\src\PhalApi.php(49): call_user_func(Array)
#6 D:\Development\www\SchoolRushServer\public\index.php(9): PhalApi\PhalApi->response()
#7 {main}
2018-05-25 19:14:20|ERROR|App.Livenesscampus.getLivenessByCampusId|PDOException: Unknown column 'time' in 'order clause' in D:\Development\www\SchoolRushServer\vendor\phalapi\notorm\src\NotORM\Result.php:261
Stack trace:
#0 D:\Development\www\SchoolRushServer\vendor\phalapi\notorm\src\NotORM\Result.php(810): NotORM_Result->query('SELECT liveID F...', Array)
#1 D:\Development\www\SchoolRushServer\vendor\phalapi\notorm\src\NotORM\Result.php(856): NotORM_Result->execute()
#2 D:\Development\www\SchoolRushServer\src\app\Api\Livenesscampus.php(158): NotORM_Result->fetch()
#3 [internal function]: App\Api\Livenesscampus->getLivenessByCampusId()
#4 D:\Development\www\SchoolRushServer\vendor\phalapi\kernal\src\PhalApi.php(49): call_user_func(Array)
#5 D:\Development\www\SchoolRushServer\public\index.php(9): PhalApi\PhalApi->response()
#6 {main}
2018-05-25 22:48:23|ERROR|App.Groupactivity.add|PDOException: Column 'gid' cannot be null in D:\Development\www\SchoolRushServer\vendor\phalapi\notorm\src\NotORM\Result.php:261
Stack trace:
#0 D:\Development\www\SchoolRushServer\vendor\phalapi\notorm\src\NotORM\Result.php(338): NotORM_Result->query('INSERT INTO gro...', Array)
#1 D:\Development\www\SchoolRushServer\vendor\phalapi\notorm\src\NotORM\Result.php(355): NotORM_Result->insert_multi(Array)
#2 D:\Development\www\SchoolRushServer\src\app\Model\Groupactivity.php(49): NotORM_Result->insert(Array)
#3 D:\Development\www\SchoolRushServer\src\app\Api\Groupactivity.php(115): App\Model\Groupactivity->add(Array)
#4 [internal function]: App\Api\Groupactivity->add()
#5 D:\Development\www\SchoolRushServer\vendor\phalapi\kernal\src\PhalApi.php(49): call_user_func(Array)
#6 D:\Development\www\SchoolRushServer\public\index.php(9): PhalApi\PhalApi->response()
#7 {main}
